[debug] [2020-08-17T13:52:32.504Z] ----------------------------------------------------------------------
[debug] [2020-08-17T13:52:32.506Z] Command:       C:\Program Files\nodejs\node.exe C:\Users\ASUS\AppData\Roaming\npm\node_modules\firebase-tools\lib\bin\firebase.js serve
[debug] [2020-08-17T13:52:32.506Z] CLI Version:   8.7.0
[debug] [2020-08-17T13:52:32.506Z] Platform:      win32
[debug] [2020-08-17T13:52:32.506Z] Node Version:  v14.8.0
[debug] [2020-08-17T13:52:32.507Z] Time:          Mon Aug 17 2020 20:52:32 GMT+0700 (Indochina Time)
[debug] [2020-08-17T13:52:32.507Z] ----------------------------------------------------------------------
[debug] [2020-08-17T13:52:32.508Z] 
[debug] [2020-08-17T13:52:32.516Z] > command requires scopes: ["email","openid","https://www.googleapis.com/auth/cloudplatformprojects.readonly","https://www.googleapis.com/auth/firebase","https://www.googleapis.com/auth/cloud-platform"]
[debug] [2020-08-17T13:52:32.516Z] > authorizing via signed-in user
[debug] [2020-08-17T13:52:32.516Z] [iam] checking project itfreshy2020 for permissions ["firebase.projects.get"]
[debug] [2020-08-17T13:52:32.519Z] > refreshing access token with scopes: ["email","https://www.googleapis.com/auth/cloud-platform","https://www.googleapis.com/auth/cloudplatformprojects.readonly","https://www.googleapis.com/auth/firebase","openid"]
[debug] [2020-08-17T13:52:32.519Z] >>> HTTP REQUEST POST https://www.googleapis.com/oauth2/v3/token  
 <request body omitted>
[debug] [2020-08-17T13:52:32.683Z] <<< HTTP RESPONSE 200 {"content-type":"application/json; charset=utf-8","vary":"X-Origin, Referer, Origin,Accept-Encoding","date":"Mon, 17 Aug 2020 13:52:30 GMT","server":"scaffolding on HTTPServer2","cache-control":"private","x-xss-protection":"0","x-frame-options":"SAMEORIGIN","x-content-type-options":"nosniff","alt-svc":"h3-29=\":443\"; ma=2592000,h3-27=\":443\"; ma=2592000,h3-T050=\":443\"; ma=2592000,h3-Q050=\":443\"; ma=2592000,h3-Q046=\":443\"; ma=2592000,h3-Q043=\":443\"; ma=2592000,quic=\":443\"; ma=2592000; v=\"46,43\"","accept-ranges":"none","transfer-encoding":"chunked"}
[debug] [2020-08-17T13:52:32.697Z] >>> HTTP REQUEST POST https://cloudresourcemanager.googleapis.com/v1/projects/itfreshy2020:testIamPermissions  
 {"permissions":["firebase.projects.get"]}
[debug] [2020-08-17T13:52:33.853Z] <<< HTTP RESPONSE 200 {"content-type":"application/json; charset=UTF-8","vary":"X-Origin, Referer, Origin,Accept-Encoding","date":"Mon, 17 Aug 2020 13:52:32 GMT","server":"ESF","cache-control":"private","x-xss-protection":"0","x-frame-options":"SAMEORIGIN","x-content-type-options":"nosniff","server-timing":"gfet4t7; dur=1020","alt-svc":"h3-29=\":443\"; ma=2592000,h3-27=\":443\"; ma=2592000,h3-T050=\":443\"; ma=2592000,h3-Q050=\":443\"; ma=2592000,h3-Q046=\":443\"; ma=2592000,h3-Q043=\":443\"; ma=2592000,quic=\":443\"; ma=2592000; v=\"46,43\"","accept-ranges":"none","transfer-encoding":"chunked"}
[debug] [2020-08-17T13:52:33.854Z] >>> HTTP REQUEST GET https://firebase.googleapis.com/v1beta1/projects/itfreshy2020  
 
[debug] [2020-08-17T13:52:34.220Z] <<< HTTP RESPONSE 200 {"content-type":"application/json; charset=UTF-8","vary":"X-Origin, Referer, Origin,Accept-Encoding","date":"Mon, 17 Aug 2020 13:52:32 GMT","server":"ESF","cache-control":"private","x-xss-protection":"0","x-frame-options":"SAMEORIGIN","x-content-type-options":"nosniff","alt-svc":"h3-29=\":443\"; ma=2592000,h3-27=\":443\"; ma=2592000,h3-T050=\":443\"; ma=2592000,h3-Q050=\":443\"; ma=2592000,h3-Q046=\":443\"; ma=2592000,h3-Q043=\":443\"; ma=2592000,quic=\":443\"; ma=2592000; v=\"46,43\"","accept-ranges":"none","transfer-encoding":"chunked"}
[info] 
[info] === Serving from 'E:\Work\Git\itfreshy20'...
[info] 
[debug] [2020-08-17T13:52:34.225Z] >>> HTTP REQUEST GET https://firebase.googleapis.com/v1beta1/projects/itfreshy2020/webApps/-/config  
 
[debug] [2020-08-17T13:52:35.254Z] <<< HTTP RESPONSE 200 {"content-type":"application/json; charset=UTF-8","vary":"X-Origin, Referer, Origin,Accept-Encoding","date":"Mon, 17 Aug 2020 13:52:33 GMT","server":"ESF","cache-control":"private","x-xss-protection":"0","x-frame-options":"SAMEORIGIN","x-content-type-options":"nosniff","alt-svc":"h3-29=\":443\"; ma=2592000,h3-27=\":443\"; ma=2592000,h3-T050=\":443\"; ma=2592000,h3-Q050=\":443\"; ma=2592000,h3-Q046=\":443\"; ma=2592000,h3-Q043=\":443\"; ma=2592000,quic=\":443\"; ma=2592000; v=\"46,43\"","accept-ranges":"none","transfer-encoding":"chunked"}
[info] i  hosting: Serving hosting files from: public {"metadata":{"emulator":{"name":"hosting"},"message":"Serving hosting files from: \u001b[1mpublic\u001b[22m"}}
[info] +  hosting: Local server: http://localhost:5000 {"metadata":{"emulator":{"name":"hosting"},"message":"Local server: \u001b[4m\u001b[1mhttp://localhost:5000\u001b[22m\u001b[24m"}}
[info] +  functions: Using node@14 from host. {"metadata":{"emulator":{"name":"functions"},"message":"Using node@14 from host."}}
[info] i  functions: Watching "E:\Work\Git\itfreshy20\functions" for Cloud Functions... {"metadata":{"emulator":{"name":"functions"},"message":"Watching \"E:\\Work\\Git\\itfreshy20\\functions\" for Cloud Functions..."}}
[debug] [2020-08-17T13:52:36.292Z] [worker-pool] addWorker(~diagnostic~) {"metadata":{"emulator":{"name":"functions"},"message":"[worker-pool] addWorker(~diagnostic~)"}}
[debug] [2020-08-17T13:52:36.292Z] [worker-pool] Adding worker with key ~diagnostic~, total=1 {"metadata":{"emulator":{"name":"functions"},"message":"[worker-pool] Adding worker with key ~diagnostic~, total=1"}}
[debug] [2020-08-17T13:52:36.292Z] [worker-pool] submitWork(triggerId=) {"metadata":{"emulator":{"name":"functions"},"message":"[worker-pool] submitWork(triggerId=)"}}
[debug] [2020-08-17T13:52:36.292Z] [worker-~diagnostic~-2ddffbda-9b9f-40fb-99f3-a92323541338]: Assigning socketPath: \\?\pipe\E:\Work\Git\itfreshy20\functions\23572 {"metadata":{"emulator":{"name":"functions"},"message":"[worker-~diagnostic~-2ddffbda-9b9f-40fb-99f3-a92323541338]: Assigning socketPath: \\\\?\\pipe\\E:\\Work\\Git\\itfreshy20\\functions\\23572"}}
[debug] [2020-08-17T13:52:36.293Z] [worker-~diagnostic~-2ddffbda-9b9f-40fb-99f3-a92323541338]: BUSY {"metadata":{"emulator":{"name":"functions"},"message":"[worker-~diagnostic~-2ddffbda-9b9f-40fb-99f3-a92323541338]: BUSY"}}
[debug] [2020-08-17T13:52:36.751Z] [runtime-status] [23572] Functions runtime initialized. {"cwd":"E:\\Work\\Git\\itfreshy20\\functions","node_version":"14.8.0"} {"metadata":{"emulator":{"name":"functions"},"message":"[runtime-status] [23572] Functions runtime initialized. {\"cwd\":\"E:\\\\Work\\\\Git\\\\itfreshy20\\\\functions\",\"node_version\":\"14.8.0\"}"}}
[debug] [2020-08-17T13:52:36.752Z] [runtime-status] [23572] Disabled runtime features: undefined {"metadata":{"emulator":{"name":"functions"},"message":"[runtime-status] [23572] Disabled runtime features: undefined"}}
[debug] [2020-08-17T13:52:36.757Z] [runtime-status] [23572] Resolved module firebase-admin {"declared":true,"installed":true,"version":"8.13.0","resolution":"E:\\Work\\Git\\itfreshy20\\functions\\node_modules\\firebase-admin\\lib\\index.js"} {"metadata":{"emulator":{"name":"functions"},"message":"[runtime-status] [23572] Resolved module firebase-admin {\"declared\":true,\"installed\":true,\"version\":\"8.13.0\",\"resolution\":\"E:\\\\Work\\\\Git\\\\itfreshy20\\\\functions\\\\node_modules\\\\firebase-admin\\\\lib\\\\index.js\"}"}}
[debug] [2020-08-17T13:52:36.759Z] [runtime-status] [23572] Resolved module firebase-functions {"declared":true,"installed":true,"version":"3.9.1","resolution":"E:\\Work\\Git\\itfreshy20\\functions\\node_modules\\firebase-functions\\lib\\index.js"} {"metadata":{"emulator":{"name":"functions"},"message":"[runtime-status] [23572] Resolved module firebase-functions {\"declared\":true,\"installed\":true,\"version\":\"3.9.1\",\"resolution\":\"E:\\\\Work\\\\Git\\\\itfreshy20\\\\functions\\\\node_modules\\\\firebase-functions\\\\lib\\\\index.js\"}"}}
[debug] [2020-08-17T13:52:36.761Z] [runtime-status] [23572] Resolved module firebase-functions {"declared":true,"installed":true,"version":"3.9.1","resolution":"E:\\Work\\Git\\itfreshy20\\functions\\node_modules\\firebase-functions\\lib\\index.js"} {"metadata":{"emulator":{"name":"functions"},"message":"[runtime-status] [23572] Resolved module firebase-functions {\"declared\":true,\"installed\":true,\"version\":\"3.9.1\",\"resolution\":\"E:\\\\Work\\\\Git\\\\itfreshy20\\\\functions\\\\node_modules\\\\firebase-functions\\\\lib\\\\index.js\"}"}}
[debug] [2020-08-17T13:52:36.765Z] [runtime-status] [23572] Outgoing network have been stubbed. [{"name":"http","status":"mocked"},{"name":"http","status":"mocked"},{"name":"https","status":"mocked"},{"name":"https","status":"mocked"},{"name":"net","status":"mocked"}] {"metadata":{"emulator":{"name":"functions"},"message":"[runtime-status] [23572] Outgoing network have been stubbed. [{\"name\":\"http\",\"status\":\"mocked\"},{\"name\":\"http\",\"status\":\"mocked\"},{\"name\":\"https\",\"status\":\"mocked\"},{\"name\":\"https\",\"status\":\"mocked\"},{\"name\":\"net\",\"status\":\"mocked\"}]"}}
[debug] [2020-08-17T13:52:36.766Z] [runtime-status] [23572] Resolved module firebase-functions {"declared":true,"installed":true,"version":"3.9.1","resolution":"E:\\Work\\Git\\itfreshy20\\functions\\node_modules\\firebase-functions\\lib\\index.js"} {"metadata":{"emulator":{"name":"functions"},"message":"[runtime-status] [23572] Resolved module firebase-functions {\"declared\":true,\"installed\":true,\"version\":\"3.9.1\",\"resolution\":\"E:\\\\Work\\\\Git\\\\itfreshy20\\\\functions\\\\node_modules\\\\firebase-functions\\\\lib\\\\index.js\"}"}}
[debug] [2020-08-17T13:52:36.826Z] [runtime-status] [23572] Checked functions.config() {"config":{}} {"metadata":{"emulator":{"name":"functions"},"message":"[runtime-status] [23572] Checked functions.config() {\"config\":{}}"}}
[debug] [2020-08-17T13:52:36.827Z] [runtime-status] [23572] firebase-functions has been stubbed. {"functionsResolution":{"declared":true,"installed":true,"version":"3.9.1","resolution":"E:\\Work\\Git\\itfreshy20\\functions\\node_modules\\firebase-functions\\lib\\index.js"}} {"metadata":{"emulator":{"name":"functions"},"message":"[runtime-status] [23572] firebase-functions has been stubbed. {\"functionsResolution\":{\"declared\":true,\"installed\":true,\"version\":\"3.9.1\",\"resolution\":\"E:\\\\Work\\\\Git\\\\itfreshy20\\\\functions\\\\node_modules\\\\firebase-functions\\\\lib\\\\index.js\"}}"}}
[debug] [2020-08-17T13:52:36.827Z] [runtime-status] [23572] Resolved module firebase-functions {"declared":true,"installed":true,"version":"3.9.1","resolution":"E:\\Work\\Git\\itfreshy20\\functions\\node_modules\\firebase-functions\\lib\\index.js"} {"metadata":{"emulator":{"name":"functions"},"message":"[runtime-status] [23572] Resolved module firebase-functions {\"declared\":true,\"installed\":true,\"version\":\"3.9.1\",\"resolution\":\"E:\\\\Work\\\\Git\\\\itfreshy20\\\\functions\\\\node_modules\\\\firebase-functions\\\\lib\\\\index.js\"}"}}
[debug] [2020-08-17T13:52:36.828Z] [runtime-status] [23572] Resolved module firebase-admin {"declared":true,"installed":true,"version":"8.13.0","resolution":"E:\\Work\\Git\\itfreshy20\\functions\\node_modules\\firebase-admin\\lib\\index.js"} {"metadata":{"emulator":{"name":"functions"},"message":"[runtime-status] [23572] Resolved module firebase-admin {\"declared\":true,\"installed\":true,\"version\":\"8.13.0\",\"resolution\":\"E:\\\\Work\\\\Git\\\\itfreshy20\\\\functions\\\\node_modules\\\\firebase-admin\\\\lib\\\\index.js\"}"}}
[debug] [2020-08-17T13:52:36.829Z] [runtime-status] [23572] Resolved module firebase-functions {"declared":true,"installed":true,"version":"3.9.1","resolution":"E:\\Work\\Git\\itfreshy20\\functions\\node_modules\\firebase-functions\\lib\\index.js"} {"metadata":{"emulator":{"name":"functions"},"message":"[runtime-status] [23572] Resolved module firebase-functions {\"declared\":true,\"installed\":true,\"version\":\"3.9.1\",\"resolution\":\"E:\\\\Work\\\\Git\\\\itfreshy20\\\\functions\\\\node_modules\\\\firebase-functions\\\\lib\\\\index.js\"}"}}
[debug] [2020-08-17T13:52:36.829Z] [runtime-status] [23572] firebase-admin has been stubbed. {"adminResolution":{"declared":true,"installed":true,"version":"8.13.0","resolution":"E:\\Work\\Git\\itfreshy20\\functions\\node_modules\\firebase-admin\\lib\\index.js"}} {"metadata":{"emulator":{"name":"functions"},"message":"[runtime-status] [23572] firebase-admin has been stubbed. {\"adminResolution\":{\"declared\":true,\"installed\":true,\"version\":\"8.13.0\",\"resolution\":\"E:\\\\Work\\\\Git\\\\itfreshy20\\\\functions\\\\node_modules\\\\firebase-admin\\\\lib\\\\index.js\"}}"}}
[debug] [2020-08-17T13:52:37.562Z] [runtime-status] [23572] initializeApp(DEFAULT) {"credential":{"implicit":false,"projectId":"itfreshy2020","privateKey":"-----BEGIN PRIVATE KEY-----\nMIIEvwIBADANBgkqhkiG9w0BAQEFAASCBKkwggSlAgEAAoIBAQDLZThf+RAh3qRs\nHr3F+5JZkHZ03LrNJOwX/fh+Tqayz8oc2OSJ1A799AfTEbUosl2A8vbM5nDy9fum\nLuiOyU4E1mNYn/wdrpmmQp4Rnao/Y8jpHXP/5TGP8VJWYEGKjiGDd5pTvVonoUXp\ngK4T1VLFqYiX9Fw3YpZY6G/0H2cEyKXvJ0V8ajn5FVIn3mTTUkOVFdKGo9CS23hR\nA+tiwGCR71WbubT0HNSkrvw6S9079SMCu9UywsY7IcN2eMCp4Nu3EHfREM3EY7/X\n8FQkeOOAFh2Po8x8rHw7VyeN5khgLJWtBKKYMNKXS+Y9LTmE+0qCh7PKXYksUHYE\nRT24itcrAgMBAAECggEAYNxhToMjxZ1rm/m/0ksN1Q1Q/DIp24wbywktj6kRBdKi\no74+h8yvHw1ZtJCYPztCACi0k7uiSnIOV4O7SFRhjTgzs37s543AqkbLVARLkUiJ\n40oddd3GDpCT74KDc+Jf32XT3tEr3/eTfbHENLnAY1VrMUIzsESI6Oo4dn+F5eZ2\nmFbItU/YdXsuKjwWuH9ITGMdbVBxYrKrYGhz16RvhicFFBeRQNaZyCQn+mQxcYkT\nZV5wqofjaZ5thLGFU7WLPOq0j+GnqHvtlOX4sbW4m79XlCG43RC06S06R2YH9sT9\nkBr7gBB59o7yI35vDodGSuioHOjOmXtcIKa8fuhEEQKBgQDlM4BpsVEmx6J9JloF\ncuVsbtTiP198UNHeqC6ue1vBMRaR9JK9W2o3LS7AyRxQNxRWbGXCJ6GL38wUxVGe\nF/IbphBCoipyRERJZ0f41zvdLBiMa/Ddptl1g5iXBAWKHybnemKg2y3NmtVyH6PB\nLRHTag8DOP3JitzizS64uau/RwKBgQDjLUtXyBMryi6bSBKpZCYpQlgFniYa+o97\nFpFA5+ptty6JMVvpVlMEobpWdOiEwM88+WhInT6cGg9+EyXWwKFoybzrMRzbzYZr\nfbxwkLE8MKePom7tEs4jQ26LpQ72FwzlW9qoD111wxZD7ieX5hMxWz+XiZL4D74b\nLgJIYc3C/QKBgQDZr0RzHbnZfxnQizBMpIdJqSn/h/kEdS4ertVHWloW7qxlC0ij\nF8OVjBAvgdKmTOm/+0vaTxGba37E63NNF6kWoW4oGyT9SeEhZjpxGNr+gPb/xzUJ\nD4LRnZ67L1KjkFq+1vn9lK237Sp0LaC1xDx98uk3QlWnqX+I2R9ayt1X2QKBgQCY\nSfvQ26mmWEHIDJeeACnozLWvBmZq/X6DuAwlY5JufDbw9yqzEBBU8Ym1fWeF3q7O\nJC95Rhf7kyjBjlp2TOmnEl3XmDPNUUiD9GUHXKfDPqaFDhGoUUvorcKEUGDoLWmS\ns3Gv6aTwVZgub48RL8W793x4vFvOeNcq5zvWg+HojQKBgQDTXIGX5UzcBvvYWnnM\nEvjemJ7aceaanewFvJHggRKDzb7KFNkrDUkjiB+Gn5jQFl9omngfzeH7/dwjv56D\nKtx8oBemJxu+/NIHxSxQ/B1bo5T82VRNyZVlRFmiYuZgHOUZVHB6Q1C6ujtUCy+V\nW9BsZVkgHKG9AOjv1LaQkKftwQ==\n-----END PRIVATE KEY-----\n","clientEmail":"firebase-adminsdk-57tyw@itfreshy2020.iam.gserviceaccount.com","httpClient":{"retry":{"maxRetries":4,"statusCodes":[503],"ioErrorCodes":["ECONNRESET","ETIMEDOUT"],"backOffFactor":0.5,"maxDelayInMillis":60000}}},"databaseURL":"https://itfreshy2020.firebaseio.com"} {"metadata":{"emulator":{"name":"functions"},"message":"[runtime-status] [23572] initializeApp(DEFAULT) {\"credential\":{\"implicit\":false,\"projectId\":\"itfreshy2020\",\"privateKey\":\"-----BEGIN PRIVATE KEY-----\\nMIIEvwIBADANBgkqhkiG9w0BAQEFAASCBKkwggSlAgEAAoIBAQDLZThf+RAh3qRs\\nHr3F+5JZkHZ03LrNJOwX/fh+Tqayz8oc2OSJ1A799AfTEbUosl2A8vbM5nDy9fum\\nLuiOyU4E1mNYn/wdrpmmQp4Rnao/Y8jpHXP/5TGP8VJWYEGKjiGDd5pTvVonoUXp\\ngK4T1VLFqYiX9Fw3YpZY6G/0H2cEyKXvJ0V8ajn5FVIn3mTTUkOVFdKGo9CS23hR\\nA+tiwGCR71WbubT0HNSkrvw6S9079SMCu9UywsY7IcN2eMCp4Nu3EHfREM3EY7/X\\n8FQkeOOAFh2Po8x8rHw7VyeN5khgLJWtBKKYMNKXS+Y9LTmE+0qCh7PKXYksUHYE\\nRT24itcrAgMBAAECggEAYNxhToMjxZ1rm/m/0ksN1Q1Q/DIp24wbywktj6kRBdKi\\no74+h8yvHw1ZtJCYPztCACi0k7uiSnIOV4O7SFRhjTgzs37s543AqkbLVARLkUiJ\\n40oddd3GDpCT74KDc+Jf32XT3tEr3/eTfbHENLnAY1VrMUIzsESI6Oo4dn+F5eZ2\\nmFbItU/YdXsuKjwWuH9ITGMdbVBxYrKrYGhz16RvhicFFBeRQNaZyCQn+mQxcYkT\\nZV5wqofjaZ5thLGFU7WLPOq0j+GnqHvtlOX4sbW4m79XlCG43RC06S06R2YH9sT9\\nkBr7gBB59o7yI35vDodGSuioHOjOmXtcIKa8fuhEEQKBgQDlM4BpsVEmx6J9JloF\\ncuVsbtTiP198UNHeqC6ue1vBMRaR9JK9W2o3LS7AyRxQNxRWbGXCJ6GL38wUxVGe\\nF/IbphBCoipyRERJZ0f41zvdLBiMa/Ddptl1g5iXBAWKHybnemKg2y3NmtVyH6PB\\nLRHTag8DOP3JitzizS64uau/RwKBgQDjLUtXyBMryi6bSBKpZCYpQlgFniYa+o97\\nFpFA5+ptty6JMVvpVlMEobpWdOiEwM88+WhInT6cGg9+EyXWwKFoybzrMRzbzYZr\\nfbxwkLE8MKePom7tEs4jQ26LpQ72FwzlW9qoD111wxZD7ieX5hMxWz+XiZL4D74b\\nLgJIYc3C/QKBgQDZr0RzHbnZfxnQizBMpIdJqSn/h/kEdS4ertVHWloW7qxlC0ij\\nF8OVjBAvgdKmTOm/+0vaTxGba37E63NNF6kWoW4oGyT9SeEhZjpxGNr+gPb/xzUJ\\nD4LRnZ67L1KjkFq+1vn9lK237Sp0LaC1xDx98uk3QlWnqX+I2R9ayt1X2QKBgQCY\\nSfvQ26mmWEHIDJeeACnozLWvBmZq/X6DuAwlY5JufDbw9yqzEBBU8Ym1fWeF3q7O\\nJC95Rhf7kyjBjlp2TOmnEl3XmDPNUUiD9GUHXKfDPqaFDhGoUUvorcKEUGDoLWmS\\ns3Gv6aTwVZgub48RL8W793x4vFvOeNcq5zvWg+HojQKBgQDTXIGX5UzcBvvYWnnM\\nEvjemJ7aceaanewFvJHggRKDzb7KFNkrDUkjiB+Gn5jQFl9omngfzeH7/dwjv56D\\nKtx8oBemJxu+/NIHxSxQ/B1bo5T82VRNyZVlRFmiYuZgHOUZVHB6Q1C6ujtUCy+V\\nW9BsZVkgHKG9AOjv1LaQkKftwQ==\\n-----END PRIVATE KEY-----\\n\",\"clientEmail\":\"firebase-adminsdk-57tyw@itfreshy2020.iam.gserviceaccount.com\",\"httpClient\":{\"retry\":{\"maxRetries\":4,\"statusCodes\":[503],\"ioErrorCodes\":[\"ECONNRESET\",\"ETIMEDOUT\"],\"backOffFactor\":0.5,\"maxDelayInMillis\":60000}}},\"databaseURL\":\"https://itfreshy2020.firebaseio.com\"}"}}
[warn] !  Error: Cannot find module 'passport'
Require stack:
- E:\Work\Git\itfreshy20\functions\api\controller\testController.js
- E:\Work\Git\itfreshy20\functions\index.js
- C:\Users\ASUS\AppData\Roaming\npm\node_modules\firebase-tools\lib\emulator\functionsEmulatorRuntime.js
    at Function.Module._resolveFilename (internal/modules/cjs/loader.js:1080:15)
    at Function.Module._load (internal/modules/cjs/loader.js:923:27)
    at Module.require (internal/modules/cjs/loader.js:1140:19)
    at require (internal/modules/cjs/helpers.js:75:18)
    at Object.<anonymous> (E:\Work\Git\itfreshy20\functions\api\controller\testController.js:4:18)
    at Module._compile (internal/modules/cjs/loader.js:1251:30)
    at Object.Module._extensions..js (internal/modules/cjs/loader.js:1272:10)
    at Module.load (internal/modules/cjs/loader.js:1100:32)
    at Function.Module._load (internal/modules/cjs/loader.js:962:14)
    at Module.require (internal/modules/cjs/loader.js:1140:19) {"metadata":{"emulator":{"name":"functions"},"message":"Error: Cannot find module 'passport'\nRequire stack:\n- E:\\Work\\Git\\itfreshy20\\functions\\api\\controller\\testController.js\n- E:\\Work\\Git\\itfreshy20\\functions\\index.js\n- C:\\Users\\ASUS\\AppData\\Roaming\\npm\\node_modules\\firebase-tools\\lib\\emulator\\functionsEmulatorRuntime.js\n    at Function.Module._resolveFilename (internal/modules/cjs/loader.js:1080:15)\n    at Function.Module._load (internal/modules/cjs/loader.js:923:27)\n    at Module.require (internal/modules/cjs/loader.js:1140:19)\n    at require (internal/modules/cjs/helpers.js:75:18)\n    at Object.<anonymous> (E:\\Work\\Git\\itfreshy20\\functions\\api\\controller\\testController.js:4:18)\n    at Module._compile (internal/modules/cjs/loader.js:1251:30)\n    at Object.Module._extensions..js (internal/modules/cjs/loader.js:1272:10)\n    at Module.load (internal/modules/cjs/loader.js:1100:32)\n    at Function.Module._load (internal/modules/cjs/loader.js:962:14)\n    at Module.require (internal/modules/cjs/loader.js:1140:19)"}}
[warn] !  We were unable to load your functions code. (see above) {"metadata":{"emulator":{"name":"functions"}}}
[debug] [2020-08-17T13:52:37.589Z] [worker-~diagnostic~-2ddffbda-9b9f-40fb-99f3-a92323541338]: exited {"metadata":{"emulator":{"name":"functions"},"message":"[worker-~diagnostic~-2ddffbda-9b9f-40fb-99f3-a92323541338]: exited"}}
[debug] [2020-08-17T13:52:37.589Z] [worker-~diagnostic~-2ddffbda-9b9f-40fb-99f3-a92323541338]: FINISHED {"metadata":{"emulator":{"name":"functions"},"message":"[worker-~diagnostic~-2ddffbda-9b9f-40fb-99f3-a92323541338]: FINISHED"}}
