[debug] [2020-08-15T06:50:43.693Z] ----------------------------------------------------------------------
[debug] [2020-08-15T06:50:43.698Z] Command:       C:\Program Files\nodejs\node.exe C:\Users\ryich\AppData\Roaming\npm\node_modules\firebase-tools\lib\bin\firebase.js init
[debug] [2020-08-15T06:50:43.699Z] CLI Version:   8.7.0
[debug] [2020-08-15T06:50:43.699Z] Platform:      win32
[debug] [2020-08-15T06:50:43.699Z] Node Version:  v14.6.0
[debug] [2020-08-15T06:50:43.702Z] Time:          Sat Aug 15 2020 13:50:43 GMT+0700 (Indochina Time)
[debug] [2020-08-15T06:50:43.702Z] ----------------------------------------------------------------------
[debug] [2020-08-15T06:50:43.703Z] 
[debug] [2020-08-15T06:50:43.721Z] > command requires scopes: ["email","openid","https://www.googleapis.com/auth/cloudplatformprojects.readonly","https://www.googleapis.com/auth/firebase","https://www.googleapis.com/auth/cloud-platform"]
[debug] [2020-08-15T06:50:43.722Z] > authorizing via signed-in user
[info] 
     ######## #### ########  ######## ########     ###     ######  ########
     ##        ##  ##     ## ##       ##     ##  ##   ##  ##       ##
     ######    ##  ########  ######   ########  #########  ######  ######
     ##        ##  ##    ##  ##       ##     ## ##     ##       ## ##
     ##       #### ##     ## ######## ########  ##     ##  ######  ########

You're about to initialize a Firebase project in this directory:

  D:\Godproject\ITKMITL\numberserial\itfreshy20

Before we get started, keep in mind:

  * You are initializing in an existing Firebase project directory

[info] 
=== Project Setup
[info] 
[info] First, let's associate this project directory with a Firebase project.
[info] You can create multiple project aliases by running firebase use --add, 
[info] but for now we'll just set up a default project.
[info] 
[info] i  .firebaserc already has a default project, using itfreshy2020. 
[debug] [2020-08-15T06:50:54.577Z] >>> HTTP REQUEST GET https://firebase.googleapis.com/v1beta1/projects/itfreshy2020  
 
[debug] [2020-08-15T06:50:55.051Z] <<< HTTP RESPONSE 403 {"vary":"X-Origin, Referer, Origin,Accept-Encoding","content-type":"application/json; charset=UTF-8","date":"Sat, 15 Aug 2020 06:50:55 GMT","server":"ESF","cache-control":"private","x-xss-protection":"0","x-frame-options":"SAMEORIGIN","x-content-type-options":"nosniff","alt-svc":"h3-29=\":443\"; ma=2592000,h3-27=\":443\"; ma=2592000,h3-T050=\":443\"; ma=2592000,h3-Q050=\":443\"; ma=2592000,h3-Q046=\":443\"; ma=2592000,h3-Q043=\":443\"; ma=2592000,quic=\":443\"; ma=2592000; v=\"46,43\"","accept-ranges":"none","transfer-encoding":"chunked"}
[debug] [2020-08-15T06:50:55.051Z] <<< HTTP RESPONSE BODY {"error":{"code":403,"message":"The caller does not have permission","status":"PERMISSION_DENIED"}}
[debug] [2020-08-15T06:50:55.055Z] HTTP Error: 403, The caller does not have permission
[debug] [2020-08-15T06:50:55.283Z] FirebaseError: HTTP Error: 403, The caller does not have permission
    at module.exports (C:\Users\ryich\AppData\Roaming\npm\node_modules\firebase-tools\lib\responseToError.js:38:12)
    at Request._callback (C:\Users\ryich\AppData\Roaming\npm\node_modules\firebase-tools\lib\api.js:41:35)
    at Request.self.callback (C:\Users\ryich\AppData\Roaming\npm\node_modules\firebase-tools\node_modules\request\request.js:185:22)
    at Request.emit (events.js:314:20)
    at Request.EventEmitter.emit (domain.js:486:12)
    at Request.<anonymous> (C:\Users\ryich\AppData\Roaming\npm\node_modules\firebase-tools\node_modules\request\request.js:1154:10)
    at Request.emit (events.js:314:20)
    at Request.EventEmitter.emit (domain.js:486:12)
    at IncomingMessage.<anonymous> (C:\Users\ryich\AppData\Roaming\npm\node_modules\firebase-tools\node_modules\request\request.js:1076:12)
    at Object.onceWrapper (events.js:420:28)
    at IncomingMessage.emit (events.js:326:22)
    at IncomingMessage.EventEmitter.emit (domain.js:486:12)
    at endReadableNT (_stream_readable.js:1244:12)
    at processTicksAndRejections (internal/process/task_queues.js:80:21)
[error] 
[error] Error: Failed to get Firebase project itfreshy2020. Please make sure the project exists and your account has permission to access it.
